Building DAG of jobs...
Using shell: /bin/bash
Provided cores: 1
Rules claiming more threads will be scaled down.
Job counts:
	count	jobs
	1	all
	1	report
	2

rule report:
    input: Function.txt, sequences.txt, sortedLijst.txt, orthologen.txt, pathways.txt
    output: report.html
    jobid: 1

Finished job 1.
1 of 2 steps (50%) done

localrule all:
    input: report.html
    jobid: 0

Finished job 0.
2 of 2 steps (100%) done
Complete log: /vagrant/.snakemake/log/2018-06-05T093501.070902.snakemake.log
