Building DAG of jobs...
Using shell: /bin/bash
Provided cores: 1
Rules claiming more threads will be scaled down.
Job counts:
	count	jobs
	1	all
	1	report
	1	sequentie
	1	workflow
	4

rule sequentie:
    input: NCBI_tags.txt
    output: sequences.txt
    jobid: 2

Finished job 2.
1 of 4 steps (25%) done

rule workflow:
    output: workflow.svg
    jobid: 3

    Error in rule workflow:
        jobid: 3
        output: workflow.svg

RuleException:
CalledProcessError in line 126 of /vagrant/Snakefile:
Command ' set -euo pipefail;  snakemake entrezID lpID function sequentie names pmids sort comb kegginf pathway ortho --dag | dot -Tsvg > workflow.svg ' returned non-zero exit status 127.
  File "/vagrant/Snakefile", line 126, in __rule_workflow
  File "/home/vagrant/miniconda3/envs/snakemake/lib/python3.6/concurrent/futures/thread.py", line 56, in run
Removing output files of failed job workflow since they might be corrupted:
workflow.svg
Shutting down, this might take some time.
Exiting because a job execution failed. Look above for error message
Complete log: /vagrant/.snakemake/log/2018-06-05T090937.599092.snakemake.log
