Building DAG of jobs...
Using shell: /bin/bash
Provided cores: 1
Rules claiming more threads will be scaled down.
Job counts:
	count	jobs
	1	all
	1	entrezID
	1	function
	1	kegginf
	1	lpID
	1	names
	1	ortho
	1	pathway
	1	pmids
	1	report
	1	sequentie
	1	sort
	12

rule lpID:
    input: RNAseq.txt
    output: lpLink.txt
    jobid: 7

Finished job 7.
1 of 12 steps (8%) done

rule entrezID:
    input: RNAseq.txt
    output: RNAseq_acc.txt, NCBI_tags.txt
    jobid: 8

Finished job 8.
2 of 12 steps (17%) done

rule kegginf:
    input: lpLink.txt
    output: kegg_info.txt
    jobid: 9

Finished job 9.
3 of 12 steps (25%) done

rule ortho:
    input: kegg_info.txt
    output: orthologen.txt
    jobid: 5

Finished job 5.
4 of 12 steps (33%) done

rule pathway:
    input: lpLink.txt
    output: pathways.txt
    jobid: 2

Finished job 2.
5 of 12 steps (42%) done

rule names:
    input: NCBI_tags.txt
    output: Names_IDs.txt
    jobid: 11

Finished job 11.
6 of 12 steps (50%) done

rule pmids:
    input: Names_IDs.txt
    output: pmids.txt
    jobid: 10

Finished job 10.
7 of 12 steps (58%) done

rule sort:
    input: pmids.txt
    output: sortedLijst.txt
    jobid: 6

Finished job 6.
8 of 12 steps (67%) done

rule sequentie:
    input: NCBI_tags.txt
    output: sequences.txt
    jobid: 3

Finished job 3.
9 of 12 steps (75%) done

rule function:
    input: NCBI_tags.txt
    output: Function.txt
    jobid: 4

Finished job 4.
10 of 12 steps (83%) done

rule report:
    input: Function.txt, sequences.txt, sortedLijst.txt, orthologen.txt, pathways.txt
    output: report.html
    jobid: 1

Finished job 1.
11 of 12 steps (92%) done

localrule all:
    input: report.html
    jobid: 0

Finished job 0.
12 of 12 steps (100%) done
Complete log: /vagrant/.snakemake/log/2018-06-05T094124.218737.snakemake.log
