Building DAG of jobs...
Using shell: /bin/bash
Provided cores: 1
Rules claiming more threads will be scaled down.
Job counts:
	count	jobs
	1	all
	1	names
	1	pmids
	1	report
	1	sequentie
	1	sort
	1	workflow
	7

rule names:
    input: NCBI_tags.txt
    output: Names_IDs.txt
    jobid: 12

    Error in rule names:
        jobid: 12
        output: Names_IDs.txt

RuleException:
CalledProcessError in line 49 of /vagrant/Snakefile:
Command ' set -euo pipefail;  /home/vagrant/miniconda3/envs/snakemake/bin/python /vagrant/.snakemake.phle72v6.names.py ' returned non-zero exit status 1.
  File "/vagrant/Snakefile", line 49, in __rule_names
  File "/home/vagrant/miniconda3/envs/snakemake/lib/python3.6/concurrent/futures/thread.py", line 56, in run
Shutting down, this might take some time.
Exiting because a job execution failed. Look above for error message
Complete log: /vagrant/.snakemake/log/2018-06-05T090631.152590.snakemake.log
